# JRE version: Java(TM) SE Runtime Environment (11.0+28) (build 11+28)
# Java VM: Java HotSpot(TM) 64-Bit Server VM (11+28, mixed mode, tiered, compressed oops, g1 gc, windows-amd64)
Heap:
 garbage-first heap   total 131072K, used 43213K [0x0000000081a00000, 0x0000000100000000)
  region size 1024K, 38 young (38912K), 2 survivors (2048K)
 Metaspace       used 23516K, capacity 24242K, committed 24448K, reserved 1071104K
  class space    used 2568K, capacity 2843K, committed 2944K, reserved 1048576K
GC Heap History (6 events):
Event: 1.935 GC heap before
{Heap before GC invocations=0 (full 0):
 garbage-first heap   total 131072K, used 13312K [0x0000000081a00000, 0x0000000100000000)
  region size 1024K, 14 young (14336K), 0 survivors (0K)
 Metaspace       used 11245K, capacity 11438K, committed 11776K, reserved 1060864K
  class space    used 1085K, capacity 1157K, committed 1280K, reserved 1048576K
}
Event: 1.952 GC heap after
{Heap after GC invocations=1 (full 0):
 garbage-first heap   total 131072K, used 3407K [0x0000000081a00000, 0x0000000100000000)
  region size 1024K, 2 young (2048K), 2 survivors (2048K)
 Metaspace       used 11245K, capacity 11438K, committed 11776K, reserved 1060864K
  class space    used 1085K, capacity 1157K, committed 1280K, reserved 1048576K
}
Event: 3.877 GC heap before
{Heap before GC invocations=1 (full 0):
 garbage-first heap   total 131072K, used 41295K [0x0000000081a00000, 0x0000000100000000)
  region size 1024K, 40 young (40960K), 2 survivors (2048K)
 Metaspace       used 20495K, capacity 21107K, committed 21248K, reserved 1069056K
  class space    used 2235K, capacity 2463K, committed 2560K, reserved 1048576K
}
Event: 3.887 GC heap after
{Heap after GC invocations=2 (full 0):
 garbage-first heap   total 131072K, used 6186K [0x0000000081a00000, 0x0000000100000000)
  region size 1024K, 5 young (5120K), 5 survivors (5120K)
 Metaspace       used 20495K, capacity 21107K, committed 21248K, reserved 1069056K
  class space    used 2235K, capacity 2463K, committed 2560K, reserved 1048576K
}
Event: 17.690 GC heap before
{Heap before GC invocations=3 (full 0):
 garbage-first heap   total 131072K, used 21546K [0x0000000081a00000, 0x0000000100000000)
  region size 1024K, 20 young (20480K), 5 survivors (5120K)
 Metaspace       used 23078K, capacity 23798K, committed 23936K, reserved 1071104K
  class space    used 2546K, capacity 2825K, committed 2944K, reserved 1048576K
}
Event: 17.699 GC heap after
{Heap after GC invocations=4 (full 0):
 garbage-first heap   total 131072K, used 7373K [0x0000000081a00000, 0x0000000100000000)
  region size 1024K, 2 young (2048K), 2 survivors (2048K)
 Metaspace       used 23078K, capacity 23798K, committed 23936K, reserved 1071104K
  class space    used 2546K, capacity 2825K, committed 2944K, reserved 1048576K
}

